<?xml version="1.0" encoding="UTF-8"?>
<!-- Generated by org.testng.reporters.JUnitReportReporter -->
<testsuite hostname="LNLA094P3034" name="com.company.project.stepdefs.RunnerTest" tests="1" failures="0" timestamp="15 Jan 2020 14:12:40 GMT" time="12.348" errors="0">
  <testcase name="run_cukes" time="12.348" classname="com.company.project.stepdefs.RunnerTest"/>
</testsuite> <!-- com.company.project.stepdefs.RunnerTest -->
